size = 2048, time = 1.726868

 Performance counter stats for './omp_vector 1':

                 0      rC701:u                                                     

       1.731338771 seconds time elapsed

       1.727796000 seconds user
       0.002000000 seconds sys


size = 2048, time = 1.726792

 Performance counter stats for './omp_vector 1':

                 0      rC702:u                                                     

       1.729978707 seconds time elapsed

       1.726017000 seconds user
       0.002998000 seconds sys


size = 2048, time = 1.726450

 Performance counter stats for './omp_vector 1':

            15,765      rC704:u                                                     

       1.729683821 seconds time elapsed

       1.727754000 seconds user
       0.000999000 seconds sys


size = 2048, time = 1.726725

 Performance counter stats for './omp_vector 1':

           109,828      rC708:u                                                     

       1.729545861 seconds time elapsed

       1.727740000 seconds user
       0.000999000 seconds sys


size = 2048, time = 1.726517

 Performance counter stats for './omp_vector 1':

     1,025,064,339      rC710:u                                                     

       1.729481718 seconds time elapsed

       1.728519000 seconds user
       0.000000000 seconds sys


size = 2048, time = 1.726626

 Performance counter stats for './omp_vector 1':

                 0      rC71F:u                                                     

       1.729622993 seconds time elapsed

       1.725788000 seconds user
       0.002997000 seconds sys


