==15073== Cachegrind, a cache and branch-prediction profiler
==15073== Copyright (C) 2002-2017, and GNU GPL'd, by Nicholas Nethercote et al.
==15073== Using Valgrind-3.15.0 and LibVEX; rerun with -h for copyright info
==15073== Command: ./hadamard_01
==15073== 
==15073== brk segment overflow in thread #1: can't grow to 0x4a44000
==15073== (see section Limitations in user manual)
==15073== NOTE: further instances of this message will not be shown
==15073== 
==15073== I   refs:      153,385,360
==15073== I1  misses:            795
==15073== LLi misses:            791
==15073== I1  miss rate:        0.00%
==15073== LLi miss rate:        0.00%
==15073== 
==15073== D   refs:       77,557,305  (60,363,655 rd   + 17,193,650 wr)
==15073== D1  misses:        324,836  (   131,587 rd   +    193,249 wr)
==15073== LLd misses:        320,428  (   129,139 rd   +    191,289 wr)
==15073== D1  miss rate:         0.4% (       0.2%     +        1.1%  )
==15073== LLd miss rate:         0.4% (       0.2%     +        1.1%  )
==15073== 
==15073== LL refs:           325,631  (   132,382 rd   +    193,249 wr)
==15073== LL misses:         321,219  (   129,930 rd   +    191,289 wr)
==15073== LL miss rate:          0.1% (       0.1%     +        1.1%  )
